0 info it worked if it ends with ok
1 verbose cli [ '/usr/local/Cellar/node/5.8.0/bin/node',
1 verbose cli   '/usr/local/bin/npm',
1 verbose cli   'install',
1 verbose cli   'zmq' ]
2 info using npm@3.7.3
3 info using node@v5.8.0
4 silly loadCurrentTree Starting
5 silly install loadCurrentTree
6 silly install readLocalPackageData
7 silly fetchPackageMetaData zmq
8 silly fetchNamedPackageData zmq
9 silly mapToRegistry name zmq
10 silly mapToRegistry using default registry
11 silly mapToRegistry registry https://registry.npmjs.org/
12 silly mapToRegistry uri https://registry.npmjs.org/zmq
13 verbose request uri https://registry.npmjs.org/zmq
14 verbose request no auth needed
15 info attempt registry request try #1 at 11:44:22 AM
16 verbose request id e058d4cd67fb1f95
17 verbose etag W/"58f36d31-141b1"
18 verbose lastModified Sun, 16 Apr 2017 13:10:09 GMT
19 http request GET https://registry.npmjs.org/zmq
20 http 304 https://registry.npmjs.org/zmq
21 verbose headers { date: 'Sun, 16 Apr 2017 15:44:22 GMT',
21 verbose headers   via: '1.1 varnish',
21 verbose headers   'cache-control': 'max-age=300',
21 verbose headers   etag: 'W/"58f36d31-141b1"',
21 verbose headers   age: '10',
21 verbose headers   connection: 'keep-alive',
21 verbose headers   'x-served-by': 'cache-jfk8147-JFK',
21 verbose headers   'x-cache': 'HIT',
21 verbose headers   'x-cache-hits': '1',
21 verbose headers   'x-timer': 'S1492357462.359802,VS0,VE1',
21 verbose headers   vary: 'Accept-Encoding' }
22 silly get cb [ 304,
22 silly get   { date: 'Sun, 16 Apr 2017 15:44:22 GMT',
22 silly get     via: '1.1 varnish',
22 silly get     'cache-control': 'max-age=300',
22 silly get     etag: 'W/"58f36d31-141b1"',
22 silly get     age: '10',
22 silly get     connection: 'keep-alive',
22 silly get     'x-served-by': 'cache-jfk8147-JFK',
22 silly get     'x-cache': 'HIT',
22 silly get     'x-cache-hits': '1',
22 silly get     'x-timer': 'S1492357462.359802,VS0,VE1',
22 silly get     vary: 'Accept-Encoding' } ]
23 verbose etag https://registry.npmjs.org/zmq from cache
24 verbose get saving zmq to /var/root/.npm/registry.npmjs.org/zmq/.cache.json
25 verbose correctMkdir /var/root/.npm correctMkdir not in flight; initializing
26 silly install normalizeTree
27 silly loadCurrentTree Finishing
28 silly loadIdealTree Starting
29 silly install loadIdealTree
30 silly cloneCurrentTree Starting
31 silly install cloneCurrentTreeToIdealTree
32 silly cloneCurrentTree Finishing
33 silly loadShrinkwrap Starting
34 silly install loadShrinkwrap
35 silly loadShrinkwrap Finishing
36 silly loadAllDepsIntoIdealTree Starting
37 silly install loadAllDepsIntoIdealTree
38 silly resolveWithNewModule zmq@2.15.3 checking installable status
39 silly cache add args [ 'zmq', null ]
40 verbose cache add spec zmq
41 silly cache add parsed spec Result {
41 silly cache add   raw: 'zmq',
41 silly cache add   scope: null,
41 silly cache add   name: 'zmq',
41 silly cache add   rawSpec: '',
41 silly cache add   spec: 'latest',
41 silly cache add   type: 'tag' }
42 silly addNamed zmq@latest
43 verbose addNamed "latest" is being treated as a dist-tag for zmq
44 info addNameTag [ 'zmq', 'latest' ]
45 silly mapToRegistry name zmq
46 silly mapToRegistry using default registry
47 silly mapToRegistry registry https://registry.npmjs.org/
48 silly mapToRegistry uri https://registry.npmjs.org/zmq
49 verbose addNameTag registry:https://registry.npmjs.org/zmq not in flight; fetching
50 verbose get https://registry.npmjs.org/zmq not expired, no request
51 silly addNameTag next cb for zmq with tag latest
52 silly addNamed zmq@2.15.3
53 verbose addNamed "2.15.3" is a plain semver version for zmq
54 silly cache afterAdd zmq@2.15.3
55 verbose afterAdd /var/root/.npm/zmq/2.15.3/package/package.json not in flight; writing
56 verbose correctMkdir /var/root/.npm correctMkdir not in flight; initializing
57 verbose afterAdd /var/root/.npm/zmq/2.15.3/package/package.json written
58 silly fetchNamedPackageData nan
59 silly mapToRegistry name nan
60 silly mapToRegistry using default registry
61 silly mapToRegistry registry https://registry.npmjs.org/
62 silly mapToRegistry uri https://registry.npmjs.org/nan
63 verbose request uri https://registry.npmjs.org/nan
64 verbose request no auth needed
65 info attempt registry request try #1 at 11:44:22 AM
66 verbose etag W/"58ee904e-1f9bf"
67 verbose lastModified Wed, 12 Apr 2017 20:38:38 GMT
68 http request GET https://registry.npmjs.org/nan
69 http 304 https://registry.npmjs.org/nan
70 verbose headers { date: 'Sun, 16 Apr 2017 15:44:22 GMT',
70 verbose headers   via: '1.1 varnish',
70 verbose headers   'cache-control': 'max-age=300',
70 verbose headers   etag: 'W/"58ee904e-1f9bf"',
70 verbose headers   age: '16',
70 verbose headers   connection: 'keep-alive',
70 verbose headers   'x-served-by': 'cache-jfk8121-JFK',
70 verbose headers   'x-cache': 'HIT',
70 verbose headers   'x-cache-hits': '1',
70 verbose headers   'x-timer': 'S1492357463.560414,VS0,VE0',
70 verbose headers   vary: 'Accept-Encoding' }
71 silly get cb [ 304,
71 silly get   { date: 'Sun, 16 Apr 2017 15:44:22 GMT',
71 silly get     via: '1.1 varnish',
71 silly get     'cache-control': 'max-age=300',
71 silly get     etag: 'W/"58ee904e-1f9bf"',
71 silly get     age: '16',
71 silly get     connection: 'keep-alive',
71 silly get     'x-served-by': 'cache-jfk8121-JFK',
71 silly get     'x-cache': 'HIT',
71 silly get     'x-cache-hits': '1',
71 silly get     'x-timer': 'S1492357463.560414,VS0,VE0',
71 silly get     vary: 'Accept-Encoding' } ]
72 verbose etag https://registry.npmjs.org/nan from cache
73 verbose get saving nan to /var/root/.npm/registry.npmjs.org/nan/.cache.json
74 verbose correctMkdir /var/root/.npm correctMkdir not in flight; initializing
75 silly resolveWithNewModule nan@2.3.5 checking installable status
76 silly cache add args [ 'nan@~2.3.0', null ]
77 verbose cache add spec nan@~2.3.0
78 silly cache add parsed spec Result {
78 silly cache add   raw: 'nan@~2.3.0',
78 silly cache add   scope: null,
78 silly cache add   name: 'nan',
78 silly cache add   rawSpec: '~2.3.0',
78 silly cache add   spec: '>=2.3.0 <2.4.0',
78 silly cache add   type: 'range' }
79 silly addNamed nan@>=2.3.0 <2.4.0
80 verbose addNamed ">=2.3.0 <2.4.0" is a valid semver range for nan
81 silly addNameRange { name: 'nan', range: '>=2.3.0 <2.4.0', hasData: false }
82 silly mapToRegistry name nan
83 silly mapToRegistry using default registry
84 silly mapToRegistry registry https://registry.npmjs.org/
85 silly mapToRegistry uri https://registry.npmjs.org/nan
86 verbose addNameRange registry:https://registry.npmjs.org/nan not in flight; fetching
87 verbose get https://registry.npmjs.org/nan not expired, no request
88 silly addNameRange number 2 { name: 'nan', range: '>=2.3.0 <2.4.0', hasData: true }
89 silly addNameRange versions [ 'nan',
89 silly addNameRange   [ '0.3.0-wip',
89 silly addNameRange     '0.3.0-wip2',
89 silly addNameRange     '0.3.0',
89 silly addNameRange     '0.3.1',
89 silly addNameRange     '0.3.2',
89 silly addNameRange     '0.4.0',
89 silly addNameRange     '0.4.1',
89 silly addNameRange     '0.4.2',
89 silly addNameRange     '0.4.3',
89 silly addNameRange     '0.4.4',
89 silly addNameRange     '0.5.0',
89 silly addNameRange     '0.5.1',
89 silly addNameRange     '0.5.2',
89 silly addNameRange     '0.6.0',
89 silly addNameRange     '0.7.0',
89 silly addNameRange     '0.7.1',
89 silly addNameRange     '0.8.0',
89 silly addNameRange     '1.0.0',
89 silly addNameRange     '1.1.0',
89 silly addNameRange     '1.1.1',
89 silly addNameRange     '1.1.2',
89 silly addNameRange     '1.2.0',
89 silly addNameRange     '1.3.0',
89 silly addNameRange     '1.4.0',
89 silly addNameRange     '1.4.1',
89 silly addNameRange     '1.5.0',
89 silly addNameRange     '1.4.2',
89 silly addNameRange     '1.4.3',
89 silly addNameRange     '1.5.1',
89 silly addNameRange     '1.5.2',
89 silly addNameRange     '1.6.0',
89 silly addNameRange     '1.5.3',
89 silly addNameRange     '1.6.1',
89 silly addNameRange     '1.6.2',
89 silly addNameRange     '1.7.0',
89 silly addNameRange     '1.8.0',
89 silly addNameRange     '1.8.1',
89 silly addNameRange     '1.8.2',
89 silly addNameRange     '1.8.3',
89 silly addNameRange     '1.8.4',
89 silly addNameRange     '1.9.0',
89 silly addNameRange     '2.0.0',
89 silly addNameRange     '2.0.1',
89 silly addNameRange     '2.0.2',
89 silly addNameRange     '2.0.3',
89 silly addNameRange     '2.0.4',
89 silly addNameRange     '2.0.5',
89 silly addNameRange     '2.0.6',
89 silly addNameRange     '2.0.7',
89 silly addNameRange     '2.0.8',
89 silly addNameRange     '2.0.9',
89 silly addNameRange     '2.1.0',
89 silly addNameRange     '2.2.0',
89 silly addNameRange     '2.2.1',
89 silly addNameRange     '2.3.0',
89 silly addNameRange     '2.3.1',
89 silly addNameRange     '2.3.2',
89 silly addNameRange     '2.3.3',
89 silly addNameRange     '2.3.4',
89 silly addNameRange     '2.3.5',
89 silly addNameRange     '2.4.0',
89 silly addNameRange     '2.5.0',
89 silly addNameRange     '2.5.1',
89 silly addNameRange     '2.6.0',
89 silly addNameRange     '2.6.1',
89 silly addNameRange     '2.6.2' ] ]
90 silly addNamed nan@2.3.5
91 verbose addNamed "2.3.5" is a plain semver version for nan
92 silly cache afterAdd nan@2.3.5
93 verbose afterAdd /var/root/.npm/nan/2.3.5/package/package.json not in flight; writing
94 verbose correctMkdir /var/root/.npm correctMkdir not in flight; initializing
95 verbose afterAdd /var/root/.npm/nan/2.3.5/package/package.json written
96 silly loadAllDepsIntoIdealTree Finishing
97 silly idealTree:prePrune splendor@
97 silly idealTree:prePrune ├── @protobufjs/aspromise@1.1.1
97 silly idealTree:prePrune ├── @protobufjs/base64@1.1.1
97 silly idealTree:prePrune ├── @protobufjs/codegen@1.0.8
97 silly idealTree:prePrune ├── @protobufjs/eventemitter@1.1.0
97 silly idealTree:prePrune ├── @protobufjs/fetch@1.1.0
97 silly idealTree:prePrune ├── @protobufjs/float@1.0.2
97 silly idealTree:prePrune ├── @protobufjs/inquire@1.1.0
97 silly idealTree:prePrune ├── @protobufjs/path@1.1.2
97 silly idealTree:prePrune ├── @protobufjs/pool@1.1.0
97 silly idealTree:prePrune ├── @protobufjs/utf8@1.1.0
97 silly idealTree:prePrune ├── @types/long@3.0.31
97 silly idealTree:prePrune ├── @types/node@7.0.12
97 silly idealTree:prePrune ├── bindings@1.2.1
97 silly idealTree:prePrune ├── config@1.25.1
97 silly idealTree:prePrune ├── json5@0.4.0
97 silly idealTree:prePrune ├── long@3.2.0
97 silly idealTree:prePrune ├── msgpack@1.0.2
97 silly idealTree:prePrune ├── nan@2.6.2
97 silly idealTree:prePrune ├── node-protobuf@1.4.3
97 silly idealTree:prePrune ├── object-sizeof@1.1.1
97 silly idealTree:prePrune ├── shuffle-array@1.0.1
97 silly idealTree:prePrune ├── sleep@5.1.1
97 silly idealTree:prePrune ├── underscore@1.3.3
97 silly idealTree:prePrune ├── uuid@3.0.1
97 silly idealTree:prePrune ├── zerorpc@0.9.7
97 silly idealTree:prePrune └─┬ zmq@2.15.3
97 silly idealTree:prePrune   └── nan@2.3.5
98 silly loadIdealTree Finishing
99 silly currentTree splendor@
99 silly currentTree ├── @protobufjs/aspromise@1.1.1
99 silly currentTree ├── @protobufjs/base64@1.1.1
99 silly currentTree ├── @protobufjs/codegen@1.0.8
99 silly currentTree ├── @protobufjs/eventemitter@1.1.0
99 silly currentTree ├── @protobufjs/fetch@1.1.0
99 silly currentTree ├── @protobufjs/float@1.0.2
99 silly currentTree ├── @protobufjs/inquire@1.1.0
99 silly currentTree ├── @protobufjs/path@1.1.2
99 silly currentTree ├── @protobufjs/pool@1.1.0
99 silly currentTree ├── @protobufjs/utf8@1.1.0
99 silly currentTree ├── @types/long@3.0.31
99 silly currentTree ├── @types/node@7.0.12
99 silly currentTree ├── bindings@1.2.1
99 silly currentTree ├── config@1.25.1
99 silly currentTree ├── json5@0.4.0
99 silly currentTree ├── long@3.2.0
99 silly currentTree ├── msgpack@1.0.2
99 silly currentTree ├── nan@2.6.2
99 silly currentTree ├── node-protobuf@1.4.3
99 silly currentTree ├── object-sizeof@1.1.1
99 silly currentTree ├── shuffle-array@1.0.1
99 silly currentTree ├── sleep@5.1.1
99 silly currentTree ├── underscore@1.3.3
99 silly currentTree ├── uuid@3.0.1
99 silly currentTree └── zerorpc@0.9.7
100 silly idealTree splendor@
100 silly idealTree ├── @protobufjs/aspromise@1.1.1
100 silly idealTree ├── @protobufjs/base64@1.1.1
100 silly idealTree ├── @protobufjs/codegen@1.0.8
100 silly idealTree ├── @protobufjs/eventemitter@1.1.0
100 silly idealTree ├── @protobufjs/fetch@1.1.0
100 silly idealTree ├── @protobufjs/float@1.0.2
100 silly idealTree ├── @protobufjs/inquire@1.1.0
100 silly idealTree ├── @protobufjs/path@1.1.2
100 silly idealTree ├── @protobufjs/pool@1.1.0
100 silly idealTree ├── @protobufjs/utf8@1.1.0
100 silly idealTree ├── @types/long@3.0.31
100 silly idealTree ├── @types/node@7.0.12
100 silly idealTree ├── bindings@1.2.1
100 silly idealTree ├── config@1.25.1
100 silly idealTree ├── json5@0.4.0
100 silly idealTree ├── long@3.2.0
100 silly idealTree ├── msgpack@1.0.2
100 silly idealTree ├── nan@2.6.2
100 silly idealTree ├── node-protobuf@1.4.3
100 silly idealTree ├── object-sizeof@1.1.1
100 silly idealTree ├── shuffle-array@1.0.1
100 silly idealTree ├── sleep@5.1.1
100 silly idealTree ├── underscore@1.3.3
100 silly idealTree ├── uuid@3.0.1
100 silly idealTree ├── zerorpc@0.9.7
100 silly idealTree └─┬ zmq@2.15.3
100 silly idealTree   └── nan@2.3.5
101 silly generateActionsToTake Starting
102 silly install generateActionsToTake
103 silly generateActionsToTake Finishing
104 silly diffTrees action count 8
105 silly diffTrees add nan@2.3.5
106 silly diffTrees add zmq@2.15.3
107 silly diffTrees update config@1.25.1
108 silly diffTrees update node-protobuf@1.4.3
109 silly diffTrees update object-sizeof@1.1.1
110 silly diffTrees update shuffle-array@1.0.1
111 silly diffTrees update sleep@5.1.1
112 silly diffTrees update zerorpc@0.9.7
113 silly decomposeActions action count 64
114 silly decomposeActions fetch nan@2.3.5
115 silly decomposeActions extract nan@2.3.5
116 silly decomposeActions test nan@2.3.5
117 silly decomposeActions preinstall nan@2.3.5
118 silly decomposeActions build nan@2.3.5
119 silly decomposeActions install nan@2.3.5
120 silly decomposeActions postinstall nan@2.3.5
121 silly decomposeActions finalize nan@2.3.5
122 silly decomposeActions fetch zmq@2.15.3
123 silly decomposeActions extract zmq@2.15.3
124 silly decomposeActions test zmq@2.15.3
125 silly decomposeActions preinstall zmq@2.15.3
126 silly decomposeActions build zmq@2.15.3
127 silly decomposeActions install zmq@2.15.3
128 silly decomposeActions postinstall zmq@2.15.3
129 silly decomposeActions finalize zmq@2.15.3
130 silly decomposeActions fetch config@1.25.1
131 silly decomposeActions extract config@1.25.1
132 silly decomposeActions test config@1.25.1
133 silly decomposeActions preinstall config@1.25.1
134 silly decomposeActions build config@1.25.1
135 silly decomposeActions install config@1.25.1
136 silly decomposeActions postinstall config@1.25.1
137 silly decomposeActions finalize config@1.25.1
138 silly decomposeActions fetch node-protobuf@1.4.3
139 silly decomposeActions extract node-protobuf@1.4.3
140 silly decomposeActions test node-protobuf@1.4.3
141 silly decomposeActions preinstall node-protobuf@1.4.3
142 silly decomposeActions build node-protobuf@1.4.3
143 silly decomposeActions install node-protobuf@1.4.3
144 silly decomposeActions postinstall node-protobuf@1.4.3
145 silly decomposeActions finalize node-protobuf@1.4.3
146 silly decomposeActions fetch object-sizeof@1.1.1
147 silly decomposeActions extract object-sizeof@1.1.1
148 silly decomposeActions test object-sizeof@1.1.1
149 silly decomposeActions preinstall object-sizeof@1.1.1
150 silly decomposeActions build object-sizeof@1.1.1
151 silly decomposeActions install object-sizeof@1.1.1
152 silly decomposeActions postinstall object-sizeof@1.1.1
153 silly decomposeActions finalize object-sizeof@1.1.1
154 silly decomposeActions fetch shuffle-array@1.0.1
155 silly decomposeActions extract shuffle-array@1.0.1
156 silly decomposeActions test shuffle-array@1.0.1
157 silly decomposeActions preinstall shuffle-array@1.0.1
158 silly decomposeActions build shuffle-array@1.0.1
159 silly decomposeActions install shuffle-array@1.0.1
160 silly decomposeActions postinstall shuffle-array@1.0.1
161 silly decomposeActions finalize shuffle-array@1.0.1
162 silly decomposeActions fetch sleep@5.1.1
163 silly decomposeActions extract sleep@5.1.1
164 silly decomposeActions test sleep@5.1.1
165 silly decomposeActions preinstall sleep@5.1.1
166 silly decomposeActions build sleep@5.1.1
167 silly decomposeActions install sleep@5.1.1
168 silly decomposeActions postinstall sleep@5.1.1
169 silly decomposeActions finalize sleep@5.1.1
170 silly decomposeActions fetch zerorpc@0.9.7
171 silly decomposeActions extract zerorpc@0.9.7
172 silly decomposeActions test zerorpc@0.9.7
173 silly decomposeActions preinstall zerorpc@0.9.7
174 silly decomposeActions build zerorpc@0.9.7
175 silly decomposeActions install zerorpc@0.9.7
176 silly decomposeActions postinstall zerorpc@0.9.7
177 silly decomposeActions finalize zerorpc@0.9.7
178 silly executeActions Starting
179 silly install executeActions
180 silly doSerial global-install 0
181 silly doParallel fetch 8
182 verbose correctMkdir /var/root/.npm/_locks correctMkdir not in flight; initializing
183 verbose lock using /var/root/.npm/_locks/staging-b0c28e141504d69f.lock for /Users/johngruska/Documents/splendor/node_modules/.staging
184 silly doParallel extract 8
185 silly extract nan@2.3.5
186 silly extract zmq@2.15.3
187 silly extract config@1.25.1
188 silly extract node-protobuf@1.4.3
189 silly extract object-sizeof@1.1.1
190 silly extract shuffle-array@1.0.1
191 silly extract sleep@5.1.1
192 silly extract zerorpc@0.9.7
193 silly addNamed config@1.25.1
194 verbose addNamed "1.25.1" is a plain semver version for config
195 silly mapToRegistry name config
196 silly mapToRegistry using default registry
197 silly mapToRegistry registry https://registry.npmjs.org/
198 silly mapToRegistry uri https://registry.npmjs.org/config
199 verbose addNameVersion registry:https://registry.npmjs.org/config not in flight; fetching
200 silly addNamed object-sizeof@1.1.1
201 verbose addNamed "1.1.1" is a plain semver version for object-sizeof
202 silly mapToRegistry name object-sizeof
203 silly mapToRegistry using default registry
204 silly mapToRegistry registry https://registry.npmjs.org/
205 silly mapToRegistry uri https://registry.npmjs.org/object-sizeof
206 verbose addNameVersion registry:https://registry.npmjs.org/object-sizeof not in flight; fetching
207 silly addNamed shuffle-array@1.0.1
208 verbose addNamed "1.0.1" is a plain semver version for shuffle-array
209 silly mapToRegistry name shuffle-array
210 silly mapToRegistry using default registry
211 silly mapToRegistry registry https://registry.npmjs.org/
212 silly mapToRegistry uri https://registry.npmjs.org/shuffle-array
213 verbose addNameVersion registry:https://registry.npmjs.org/shuffle-array not in flight; fetching
214 silly addNamed sleep@5.1.1
215 verbose addNamed "5.1.1" is a plain semver version for sleep
216 silly mapToRegistry name sleep
217 silly mapToRegistry using default registry
218 silly mapToRegistry registry https://registry.npmjs.org/
219 silly mapToRegistry uri https://registry.npmjs.org/sleep
220 verbose addNameVersion registry:https://registry.npmjs.org/sleep not in flight; fetching
221 verbose unbuild node_modules/.staging/nan-4cf370d7
222 verbose unbuild node_modules/.staging/zmq-6ce13538
223 verbose unbuild node_modules/.staging/node-protobuf-230ef70c
224 verbose unbuild node_modules/.staging/zerorpc-d61bc012
225 silly gentlyRm /Users/johngruska/Documents/splendor/node_modules/.staging/nan-4cf370d7 is being purged from base /Users/johngruska/Documents/splendor
226 verbose gentlyRm don't care about contents; nuking /Users/johngruska/Documents/splendor/node_modules/.staging/nan-4cf370d7
227 verbose request uri https://registry.npmjs.org/config
228 verbose request no auth needed
229 info attempt registry request try #1 at 11:44:22 AM
230 verbose etag W/"58ecc537-182c3"
231 verbose lastModified Tue, 11 Apr 2017 11:59:51 GMT
232 http request GET https://registry.npmjs.org/config
233 silly gentlyRm /Users/johngruska/Documents/splendor/node_modules/.staging/zmq-6ce13538 is being purged from base /Users/johngruska/Documents/splendor
234 verbose gentlyRm don't care about contents; nuking /Users/johngruska/Documents/splendor/node_modules/.staging/zmq-6ce13538
235 verbose request uri https://registry.npmjs.org/object-sizeof
236 verbose request no auth needed
237 info attempt registry request try #1 at 11:44:22 AM
238 verbose etag W/"58e88ded-4fdf"
239 verbose lastModified Sat, 08 Apr 2017 07:14:53 GMT
240 http request GET https://registry.npmjs.org/object-sizeof
241 verbose request uri https://registry.npmjs.org/shuffle-array
242 verbose request no auth needed
243 info attempt registry request try #1 at 11:44:22 AM
244 verbose etag W/"58a58fb4-345a"
245 verbose lastModified Thu, 16 Feb 2017 11:40:36 GMT
246 http request GET https://registry.npmjs.org/shuffle-array
247 verbose request uri https://registry.npmjs.org/sleep
248 verbose request no auth needed
249 info attempt registry request try #1 at 11:44:22 AM
250 verbose etag W/"58e8540c-56d9"
251 verbose lastModified Sat, 08 Apr 2017 03:07:56 GMT
252 http request GET https://registry.npmjs.org/sleep
253 silly gentlyRm /Users/johngruska/Documents/splendor/node_modules/.staging/node-protobuf-230ef70c is being purged from base /Users/johngruska/Documents/splendor
254 verbose gentlyRm don't care about contents; nuking /Users/johngruska/Documents/splendor/node_modules/.staging/node-protobuf-230ef70c
255 silly gentlyRm /Users/johngruska/Documents/splendor/node_modules/.staging/zerorpc-d61bc012 is being purged from base /Users/johngruska/Documents/splendor
256 verbose gentlyRm don't care about contents; nuking /Users/johngruska/Documents/splendor/node_modules/.staging/zerorpc-d61bc012
257 verbose tar unpack /var/root/.npm/nan/2.3.5/package.tgz
258 verbose tar unpacking to /Users/johngruska/Documents/splendor/node_modules/.staging/nan-4cf370d7
259 silly gentlyRm /Users/johngruska/Documents/splendor/node_modules/.staging/nan-4cf370d7 is being purged
260 verbose gentlyRm don't care about contents; nuking /Users/johngruska/Documents/splendor/node_modules/.staging/nan-4cf370d7
261 verbose tar unpack /var/root/.npm/zmq/2.15.3/package.tgz
262 verbose tar unpacking to /Users/johngruska/Documents/splendor/node_modules/.staging/zmq-6ce13538
263 silly gentlyRm /Users/johngruska/Documents/splendor/node_modules/.staging/zmq-6ce13538 is being purged
264 verbose gentlyRm don't care about contents; nuking /Users/johngruska/Documents/splendor/node_modules/.staging/zmq-6ce13538
265 verbose tar unpack /var/root/.npm/node-protobuf/1.4.3/package.tgz
266 verbose tar unpacking to /Users/johngruska/Documents/splendor/node_modules/.staging/node-protobuf-230ef70c
267 silly gentlyRm /Users/johngruska/Documents/splendor/node_modules/.staging/node-protobuf-230ef70c is being purged
268 verbose gentlyRm don't care about contents; nuking /Users/johngruska/Documents/splendor/node_modules/.staging/node-protobuf-230ef70c
269 verbose tar unpack /var/root/.npm/zerorpc/0.9.7/package.tgz
270 verbose tar unpacking to /Users/johngruska/Documents/splendor/node_modules/.staging/zerorpc-d61bc012
271 silly gentlyRm /Users/johngruska/Documents/splendor/node_modules/.staging/zerorpc-d61bc012 is being purged
272 verbose gentlyRm don't care about contents; nuking /Users/johngruska/Documents/splendor/node_modules/.staging/zerorpc-d61bc012
273 silly gunzTarPerm modes [ '755', '644' ]
274 silly gunzTarPerm modes [ '755', '644' ]
275 silly gunzTarPerm modes [ '755', '644' ]
276 silly gunzTarPerm modes [ '755', '644' ]
277 silly gunzTarPerm extractEntry package.json
278 silly gunzTarPerm modified mode [ 'package.json', 436, 420 ]
279 silly gunzTarPerm extractEntry package.json
280 silly gunzTarPerm extractEntry package.json
281 silly gunzTarPerm extractEntry package.json
282 silly gunzTarPerm modified mode [ 'package.json', 436, 420 ]
283 silly gunzTarPerm extractEntry README.md
284 silly gunzTarPerm modified mode [ 'README.md', 436, 420 ]
285 silly gunzTarPerm extractEntry include_dirs.js
286 silly gunzTarPerm modified mode [ 'include_dirs.js', 436, 420 ]
287 silly gunzTarPerm extractEntry .npmignore
288 silly gunzTarPerm extractEntry README.md
289 silly gunzTarPerm extractEntry .npmignore
290 silly gunzTarPerm extractEntry README.md
291 silly gunzTarPerm extractEntry .npmignore
292 silly gunzTarPerm modified mode [ '.npmignore', 436, 420 ]
293 silly gunzTarPerm extractEntry README.md
294 silly gunzTarPerm modified mode [ 'README.md', 436, 420 ]
295 silly gunzTarPerm extractEntry LICENSE
296 silly gunzTarPerm extractEntry index.js
297 silly gunzTarPerm extractEntry nan_converters.h
298 silly gunzTarPerm modified mode [ 'nan_converters.h', 436, 420 ]
299 silly gunzTarPerm extractEntry LICENSE.md
300 silly gunzTarPerm modified mode [ 'LICENSE.md', 436, 420 ]
301 silly gunzTarPerm extractEntry doc/node_misc.md
302 silly gunzTarPerm modified mode [ 'doc/node_misc.md', 436, 420 ]
303 silly gunzTarPerm extractEntry Gruntfile.js
304 silly gunzTarPerm extractEntry protobuf.js
305 silly gunzTarPerm extractEntry LICENSE
306 silly gunzTarPerm modified mode [ 'LICENSE', 436, 420 ]
307 silly gunzTarPerm extractEntry index.js
308 silly gunzTarPerm modified mode [ 'index.js', 436, 420 ]
309 silly gunzTarPerm extractEntry doc/asyncworker.md
310 silly gunzTarPerm modified mode [ 'doc/asyncworker.md', 436, 420 ]
311 silly gunzTarPerm extractEntry binding.gyp
312 silly gunzTarPerm extractEntry .travis.yml
313 silly gunzTarPerm modified mode [ '.travis.yml', 436, 420 ]
314 silly gunzTarPerm extractEntry lib/buffer.js
315 silly gunzTarPerm modified mode [ 'lib/buffer.js', 384, 420 ]
316 silly gunzTarPerm extractEntry CHANGES.md
317 silly gunzTarPerm extractEntry Makefile
318 silly gunzTarPerm extractEntry .gitattributes
319 silly gunzTarPerm extractEntry doc/callback.md
320 silly gunzTarPerm modified mode [ 'doc/callback.md', 436, 420 ]
321 silly gunzTarPerm extractEntry doc/converters.md
322 silly gunzTarPerm modified mode [ 'doc/converters.md', 436, 420 ]
323 silly gunzTarPerm extractEntry .travis.yml
324 silly gunzTarPerm extractEntry appveyor.yml
325 silly gunzTarPerm extractEntry lib/channel.js
326 silly gunzTarPerm modified mode [ 'lib/channel.js', 384, 420 ]
327 silly gunzTarPerm extractEntry lib/client.js
328 silly gunzTarPerm modified mode [ 'lib/client.js', 436, 420 ]
329 silly gunzTarPerm extractEntry lib/events.js
330 silly gunzTarPerm modified mode [ 'lib/events.js', 436, 420 ]
331 silly gunzTarPerm extractEntry lib/middleware.js
332 silly gunzTarPerm modified mode [ 'lib/middleware.js', 384, 420 ]
333 silly gunzTarPerm extractEntry lib/server.js
334 silly gunzTarPerm modified mode [ 'lib/server.js', 436, 420 ]
335 silly gunzTarPerm extractEntry lib/socket.js
336 silly gunzTarPerm modified mode [ 'lib/socket.js', 384, 420 ]
337 silly gunzTarPerm extractEntry lib/util.js
338 silly gunzTarPerm modified mode [ 'lib/util.js', 384, 420 ]
339 silly gunzTarPerm extractEntry test/buffers.js
340 silly gunzTarPerm modified mode [ 'test/buffers.js', 384, 420 ]
341 silly gunzTarPerm extractEntry test/errors.js
342 silly gunzTarPerm modified mode [ 'test/errors.js', 384, 420 ]
343 silly gunzTarPerm extractEntry test/heartbeats.js
344 silly gunzTarPerm modified mode [ 'test/heartbeats.js', 384, 420 ]
345 silly gunzTarPerm extractEntry test/invocation.js
346 silly gunzTarPerm modified mode [ 'test/invocation.js', 384, 420 ]
347 silly gunzTarPerm extractEntry test/repro-10.js
348 silly gunzTarPerm modified mode [ 'test/repro-10.js', 384, 420 ]
349 silly gunzTarPerm extractEntry test/streams.js
350 silly gunzTarPerm modified mode [ 'test/streams.js', 384, 420 ]
351 silly gunzTarPerm extractEntry test/timeouts.js
352 silly gunzTarPerm modified mode [ 'test/timeouts.js', 436, 420 ]
353 silly gunzTarPerm extractEntry test/lib/testutil.js
354 silly gunzTarPerm modified mode [ 'test/lib/testutil.js', 384, 420 ]
355 silly gunzTarPerm extractEntry binding.gyp
356 silly gunzTarPerm extractEntry .clang-format
357 silly gunzTarPerm extractEntry doc/errors.md
358 silly gunzTarPerm modified mode [ 'doc/errors.md', 436, 420 ]
359 silly gunzTarPerm extractEntry doc/maybe_types.md
360 silly gunzTarPerm modified mode [ 'doc/maybe_types.md', 436, 420 ]
361 silly gunzTarPerm extractEntry generate-descriptors.sh
362 silly gunzTarPerm extractEntry lp.sh
363 silly gunzTarPerm extractEntry binding.cc
364 silly gunzTarPerm extractEntry examples/dealer_router.js
365 silly gunzTarPerm extractEntry doc/methods.md
366 silly gunzTarPerm modified mode [ 'doc/methods.md', 436, 420 ]
367 silly gunzTarPerm extractEntry doc/new.md
368 silly gunzTarPerm modified mode [ 'doc/new.md', 436, 420 ]
369 silly gunzTarPerm extractEntry examples/pub_sub.js
370 silly gunzTarPerm extractEntry examples/push_pull.js
371 silly gunzTarPerm extractEntry lpb_release/LICENSE
372 silly gunzTarPerm extractEntry lpb_release/include/google/protobuf/map_entry_lite.h
373 silly gunzTarPerm extractEntry doc/buffers.md
374 silly gunzTarPerm modified mode [ 'doc/buffers.md', 436, 420 ]
375 silly gunzTarPerm extractEntry doc/object_wrappers.md
376 silly gunzTarPerm modified mode [ 'doc/object_wrappers.md', 436, 420 ]
377 silly gunzTarPerm extractEntry examples/rep_req.js
378 silly gunzTarPerm extractEntry examples/req_rep.js
379 silly gunzTarPerm extractEntry lpb_release/include/google/protobuf/any.h
380 silly gunzTarPerm extractEntry lpb_release/include/google/protobuf/any.proto
381 silly gunzTarPerm extractEntry doc/persistent.md
382 silly gunzTarPerm modified mode [ 'doc/persistent.md', 436, 420 ]
383 silly gunzTarPerm extractEntry doc/scopes.md
384 silly gunzTarPerm modified mode [ 'doc/scopes.md', 436, 420 ]
385 silly gunzTarPerm extractEntry lpb_release/include/google/protobuf/api.pb.h
386 silly gunzTarPerm extractEntry lpb_release/include/google/protobuf/api.proto
387 silly gunzTarPerm extractEntry examples/router_dealer.js
388 silly gunzTarPerm extractEntry examples/rpc.js
389 silly gunzTarPerm extractEntry doc/script.md
390 silly gunzTarPerm modified mode [ 'doc/script.md', 436, 420 ]
391 silly gunzTarPerm extractEntry lpb_release/include/google/protobuf/arena.h
392 silly gunzTarPerm extractEntry lpb_release/include/google/protobuf/arenastring.h
393 silly gunzTarPerm extractEntry examples/devices/forwarder.js
394 silly gunzTarPerm extractEntry examples/devices/queue.js
395 silly gunzTarPerm extractEntry doc/string_bytes.md
396 silly gunzTarPerm modified mode [ 'doc/string_bytes.md', 436, 420 ]
397 silly gunzTarPerm extractEntry doc/v8_internals.md
398 silly gunzTarPerm modified mode [ 'doc/v8_internals.md', 436, 420 ]
399 silly gunzTarPerm extractEntry examples/devices/streamer.js
400 silly gunzTarPerm extractEntry examples/workers/producer.js
401 silly gunzTarPerm extractEntry examples/workers/worker.js
402 silly gunzTarPerm extractEntry lpb_release/include/google/protobuf/compiler/objectivec/objectivec_generator.h
403 silly gunzTarPerm extractEntry lpb_release/include/google/protobuf/compiler/objectivec/objectivec_helpers.h
404 silly gunzTarPerm extractEntry History.md
405 silly gunzTarPerm extractEntry lib/index.js
406 silly gunzTarPerm extractEntry doc/v8_misc.md
407 silly gunzTarPerm modified mode [ 'doc/v8_misc.md', 436, 420 ]
408 silly gunzTarPerm extractEntry nan.h
409 silly gunzTarPerm modified mode [ 'nan.h', 436, 420 ]
410 silly gunzTarPerm extractEntry lpb_release/include/google/protobuf/compiler/code_generator.h
411 silly gunzTarPerm extractEntry lpb_release/include/google/protobuf/compiler/cpp/cpp_generator.h
412 silly gunzTarPerm extractEntry test/context.js
413 silly gunzTarPerm extractEntry test/socket.monitor.js
414 silly gunzTarPerm extractEntry nan_callbacks.h
415 silly gunzTarPerm modified mode [ 'nan_callbacks.h', 436, 420 ]
416 silly gunzTarPerm extractEntry nan_callbacks_12_inl.h
417 silly gunzTarPerm modified mode [ 'nan_callbacks_12_inl.h', 436, 420 ]
418 silly gunzTarPerm extractEntry nan_callbacks_pre_12_inl.h
419 silly gunzTarPerm modified mode [ 'nan_callbacks_pre_12_inl.h', 436, 420 ]
420 silly gunzTarPerm extractEntry lpb_release/include/google/protobuf/compiler/csharp/csharp_generator.h
421 silly gunzTarPerm extractEntry lpb_release/include/google/protobuf/compiler/csharp/csharp_names.h
422 silly gunzTarPerm extractEntry nan_converters_43_inl.h
423 silly gunzTarPerm modified mode [ 'nan_converters_43_inl.h', 436, 420 ]
424 silly gunzTarPerm extractEntry test/socket.pair.js
425 silly gunzTarPerm extractEntry test/socket.pub-sub.js
426 silly gunzTarPerm extractEntry nan_converters_pre_43_inl.h
427 silly gunzTarPerm modified mode [ 'nan_converters_pre_43_inl.h', 436, 420 ]
428 silly gunzTarPerm extractEntry nan_implementation_12_inl.h
429 silly gunzTarPerm modified mode [ 'nan_implementation_12_inl.h', 436, 420 ]
430 silly gunzTarPerm extractEntry nan_implementation_pre_12_inl.h
431 silly gunzTarPerm modified mode [ 'nan_implementation_pre_12_inl.h', 436, 420 ]
432 silly gunzTarPerm extractEntry nan_maybe_43_inl.h
433 silly gunzTarPerm modified mode [ 'nan_maybe_43_inl.h', 436, 420 ]
434 silly gunzTarPerm extractEntry lpb_release/include/google/protobuf/compiler/importer.h
435 silly gunzTarPerm extractEntry lpb_release/include/google/protobuf/compiler/java/java_generator.h
436 silly gunzTarPerm extractEntry lpb_release/include/google/protobuf/compiler/java/java_names.h
437 silly gunzTarPerm extractEntry test/socket.messages.js
438 silly gunzTarPerm extractEntry test/exports.js
439 silly gunzTarPerm extractEntry lpb_release/include/google/protobuf/compiler/javanano/javanano_generator.h
440 silly gunzTarPerm extractEntry nan_maybe_pre_43_inl.h
441 silly gunzTarPerm modified mode [ 'nan_maybe_pre_43_inl.h', 436, 420 ]
442 silly gunzTarPerm extractEntry nan_new.h
443 silly gunzTarPerm modified mode [ 'nan_new.h', 436, 420 ]
444 silly gunzTarPerm extractEntry test/socket.router.js
445 silly gunzTarPerm extractEntry test/socket.stream.js
446 silly gunzTarPerm extractEntry nan_object_wrap.h
447 silly gunzTarPerm modified mode [ 'nan_object_wrap.h', 436, 420 ]
448 silly gunzTarPerm extractEntry nan_persistent_12_inl.h
449 silly gunzTarPerm modified mode [ 'nan_persistent_12_inl.h', 436, 420 ]
450 silly gunzTarPerm extractEntry lpb_release/include/google/protobuf/compiler/js/js_generator.h
451 silly gunzTarPerm extractEntry lpb_release/include/google/protobuf/compiler/command_line_interface.h
452 silly gunzTarPerm extractEntry test/socket.unbind.js
453 silly gunzTarPerm extractEntry test/socket.xpub-xsub.js
454 silly gunzTarPerm extractEntry nan_persistent_pre_12_inl.h
455 silly gunzTarPerm modified mode [ 'nan_persistent_pre_12_inl.h', 436, 420 ]
456 silly gunzTarPerm extractEntry nan_string_bytes.h
457 silly gunzTarPerm modified mode [ 'nan_string_bytes.h', 436, 420 ]
458 silly gunzTarPerm extractEntry lpb_release/include/google/protobuf/compiler/parser.h
459 silly gunzTarPerm extractEntry lpb_release/include/google/protobuf/compiler/php/php_generator.h
460 silly gunzTarPerm extractEntry test/socket.js
461 silly gunzTarPerm extractEntry test/socket.zap.js
462 silly gunzTarPerm extractEntry nan_typedarray_contents.h
463 silly gunzTarPerm modified mode [ 'nan_typedarray_contents.h', 436, 420 ]
464 silly gunzTarPerm extractEntry nan_weak.h
465 silly gunzTarPerm modified mode [ 'nan_weak.h', 436, 420 ]
466 silly gunzTarPerm extractEntry lpb_release/include/google/protobuf/compiler/plugin.h
467 silly gunzTarPerm extractEntry lpb_release/include/google/protobuf/compiler/plugin.pb.h
468 silly gunzTarPerm extractEntry lpb_release/include/google/protobuf/compiler/plugin.proto
469 silly gunzTarPerm extractEntry lpb_release/include/google/protobuf/compiler/python/python_generator.h
470 silly gunzTarPerm extractEntry test/socket.events.js
471 silly gunzTarPerm extractEntry test/zap.js
472 silly gunzTarPerm extractEntry lpb_release/include/google/protobuf/compiler/ruby/ruby_generator.h
473 silly gunzTarPerm extractEntry CHANGELOG.md
474 silly gunzTarPerm modified mode [ 'CHANGELOG.md', 436, 420 ]
475 silly gunzTarPerm extractEntry tools/package.json
476 silly gunzTarPerm modified mode [ 'tools/package.json', 436, 420 ]
477 http 304 https://registry.npmjs.org/config
478 verbose headers { date: 'Sun, 16 Apr 2017 15:44:22 GMT',
478 verbose headers   via: '1.1 varnish',
478 verbose headers   'cache-control': 'max-age=300',
478 verbose headers   etag: 'W/"58ecc537-182c3"',
478 verbose headers   age: '0',
478 verbose headers   connection: 'keep-alive',
478 verbose headers   'x-served-by': 'cache-jfk8134-JFK',
478 verbose headers   'x-cache': 'HIT',
478 verbose headers   'x-cache-hits': '1',
478 verbose headers   'x-timer': 'S1492357463.721900,VS0,VE7',
478 verbose headers   vary: 'Accept-Encoding' }
479 silly get cb [ 304,
479 silly get   { date: 'Sun, 16 Apr 2017 15:44:22 GMT',
479 silly get     via: '1.1 varnish',
479 silly get     'cache-control': 'max-age=300',
479 silly get     etag: 'W/"58ecc537-182c3"',
479 silly get     age: '0',
479 silly get     connection: 'keep-alive',
479 silly get     'x-served-by': 'cache-jfk8134-JFK',
479 silly get     'x-cache': 'HIT',
479 silly get     'x-cache-hits': '1',
479 silly get     'x-timer': 'S1492357463.721900,VS0,VE7',
479 silly get     vary: 'Accept-Encoding' } ]
480 verbose etag https://registry.npmjs.org/config from cache
481 verbose get saving config to /var/root/.npm/registry.npmjs.org/config/.cache.json
482 verbose correctMkdir /var/root/.npm correctMkdir not in flight; initializing
483 silly gunzTarPerm extractEntry test/socket.error-callback.js
484 silly gunzTarPerm extractEntry test/zmq_proxy.js
485 http 304 https://registry.npmjs.org/sleep
486 verbose headers { date: 'Sun, 16 Apr 2017 15:44:22 GMT',
486 verbose headers   via: '1.1 varnish',
486 verbose headers   'cache-control': 'max-age=300',
486 verbose headers   etag: 'W/"58e8540c-56d9"',
486 verbose headers   age: '0',
486 verbose headers   connection: 'keep-alive',
486 verbose headers   'x-served-by': 'cache-jfk8122-JFK',
486 verbose headers   'x-cache': 'HIT',
486 verbose headers   'x-cache-hits': '1',
486 verbose headers   'x-timer': 'S1492357463.722121,VS0,VE7',
486 verbose headers   vary: 'Accept-Encoding' }
487 silly get cb [ 304,
487 silly get   { date: 'Sun, 16 Apr 2017 15:44:22 GMT',
487 silly get     via: '1.1 varnish',
487 silly get     'cache-control': 'max-age=300',
487 silly get     etag: 'W/"58e8540c-56d9"',
487 silly get     age: '0',
487 silly get     connection: 'keep-alive',
487 silly get     'x-served-by': 'cache-jfk8122-JFK',
487 silly get     'x-cache': 'HIT',
487 silly get     'x-cache-hits': '1',
487 silly get     'x-timer': 'S1492357463.722121,VS0,VE7',
487 silly get     vary: 'Accept-Encoding' } ]
488 verbose etag https://registry.npmjs.org/sleep from cache
489 verbose get saving sleep to /var/root/.npm/registry.npmjs.org/sleep/.cache.json
490 verbose correctMkdir /var/root/.npm correctMkdir not in flight; initializing
491 silly gunzTarPerm extractEntry lpb_release/include/google/protobuf/descriptor.h
492 silly gunzTarPerm extractEntry lpb_release/include/google/protobuf/descriptor.pb.h
493 silly gunzTarPerm extractEntry tools/README.md
494 silly gunzTarPerm modified mode [ 'tools/README.md', 436, 420 ]
495 silly gunzTarPerm extractEntry tools/1to2.js
496 silly gunzTarPerm modified mode [ 'tools/1to2.js', 509, 493 ]
497 silly gunzTarPerm extractEntry test/zmq_proxy.xpub-xsub.js
498 silly gunzTarPerm extractEntry test/zmq_proxy.push-pull.js
499 silly gunzTarPerm extractEntry lpb_release/include/google/protobuf/descriptor.proto
500 silly gunzTarPerm extractEntry lpb_release/include/google/protobuf/descriptor_database.h
501 silly gunzTarPerm extractEntry lpb_release/include/google/protobuf/duration.pb.h
502 silly mapToRegistry name config
503 silly mapToRegistry using default registry
504 silly mapToRegistry registry https://registry.npmjs.org/
505 silly mapToRegistry uri https://registry.npmjs.org/config
506 verbose addRemoteTarball https://registry.npmjs.org/config/-/config-1.25.1.tgz not in flight; adding
507 verbose addRemoteTarball [ 'https://registry.npmjs.org/config/-/config-1.25.1.tgz',
507 verbose addRemoteTarball   '72ac51cde81e2c77c6b3b66d0130dae527a19c92' ]
508 silly mapToRegistry name sleep
509 silly mapToRegistry using default registry
510 silly mapToRegistry registry https://registry.npmjs.org/
511 silly mapToRegistry uri https://registry.npmjs.org/sleep
512 verbose addRemoteTarball https://registry.npmjs.org/sleep/-/sleep-5.1.1.tgz not in flight; adding
513 verbose addRemoteTarball [ 'https://registry.npmjs.org/sleep/-/sleep-5.1.1.tgz',
513 verbose addRemoteTarball   '878fa1d44d08eeb0f26fb2018ef8629eb1a3ab94' ]
514 silly gunzTarPerm extractEntry lpb_release/include/google/protobuf/duration.proto
515 silly gunzTarPerm extractEntry lpb_release/include/google/protobuf/dynamic_message.h
516 info retry fetch attempt 1 at 11:44:22 AM
517 info attempt registry request try #1 at 11:44:22 AM
518 http fetch GET https://registry.npmjs.org/config/-/config-1.25.1.tgz
519 silly gunzTarPerm extractEntry test/gc.js
520 silly gunzTarPerm extractEntry test/zmq_proxy.router-dealer.js
521 info retry fetch attempt 1 at 11:44:22 AM
522 info attempt registry request try #1 at 11:44:22 AM
523 http fetch GET https://registry.npmjs.org/sleep/-/sleep-5.1.1.tgz
524 silly gunzTarPerm extractEntry lpb_release/include/google/protobuf/empty.pb.h
525 silly gunzTarPerm extractEntry lpb_release/include/google/protobuf/empty.proto
526 silly gunzTarPerm extractEntry test/socket.push-pull.js
527 silly gunzTarPerm extractEntry test/zmq_proxy.xrep-xreq.js
528 silly gunzTarPerm extractEntry lpb_release/include/google/protobuf/extension_set.h
529 silly gunzTarPerm extractEntry lpb_release/include/google/protobuf/field_mask.pb.h
530 silly gunzTarPerm extractEntry test/socket.req-rep.js
531 silly gunzTarPerm extractEntry test/mocha.opts
532 silly gunzTarPerm extractEntry lpb_release/include/google/protobuf/field_mask.proto
533 silly gunzTarPerm extractEntry lpb_release/include/google/protobuf/generated_enum_reflection.h
534 silly gunzTarPerm extractEntry .editorconfig
535 silly gunzTarPerm extractEntry perf/local_lat.js
536 silly gunzTarPerm extractEntry perf/local_thr.js
537 silly gunzTarPerm extractEntry perf/remote_lat.js
538 silly gunzTarPerm extractEntry perf/remote_thr.js
539 silly gentlyRm /Users/johngruska/Documents/splendor/node_modules/.staging/zerorpc-d61bc012/node_modules is being purged
540 verbose gentlyRm don't care about contents; nuking /Users/johngruska/Documents/splendor/node_modules/.staging/zerorpc-d61bc012/node_modules
541 silly gunzTarPerm extractEntry lpb_release/include/google/protobuf/generated_enum_util.h
542 silly gunzTarPerm extractEntry lpb_release/include/google/protobuf/generated_message_reflection.h
543 silly gunzTarPerm extractEntry windows/include/zmq.h
544 silly gunzTarPerm extractEntry lpb_release/include/google/protobuf/generated_message_util.h
545 silly gunzTarPerm extractEntry lpb_release/include/google/protobuf/has_bits.h
546 silly gunzTarPerm extractEntry windows/include/zmq_utils.h
547 silly gunzTarPerm extractEntry windows/lib/x64/libzmq-v100-mt-4_0_4.dll
548 silly gunzTarPerm extractEntry lpb_release/include/google/protobuf/io/coded_stream.h
549 silly gunzTarPerm extractEntry lpb_release/include/google/protobuf/io/gzip_stream.h
550 silly gunzTarPerm extractEntry lpb_release/include/google/protobuf/io/printer.h
551 silly gunzTarPerm extractEntry lpb_release/include/google/protobuf/io/strtod.h
552 silly gunzTarPerm extractEntry lpb_release/include/google/protobuf/io/tokenizer.h
553 silly gunzTarPerm extractEntry lpb_release/include/google/protobuf/io/zero_copy_stream.h
554 silly gunzTarPerm extractEntry lpb_release/include/google/protobuf/io/zero_copy_stream_impl.h
555 silly gunzTarPerm extractEntry lpb_release/include/google/protobuf/io/zero_copy_stream_impl_lite.h
556 silly gunzTarPerm extractEntry lpb_release/include/google/protobuf/map.h
557 silly gunzTarPerm extractEntry lpb_release/include/google/protobuf/map_entry.h
558 silly gunzTarPerm extractEntry windows/lib/x64/libzmq-v100-mt-4_0_4.lib
559 silly gunzTarPerm extractEntry windows/lib/x86/libzmq-v100-mt-4_0_4.dll
560 silly gunzTarPerm extractEntry lpb_release/include/google/protobuf/any.pb.h
561 silly gunzTarPerm extractEntry lpb_release/include/google/protobuf/map_field.h
562 silly gunzTarPerm extractEntry lpb_release/include/google/protobuf/map_field_inl.h
563 silly gunzTarPerm extractEntry lpb_release/include/google/protobuf/map_field_lite.h
564 silly gunzTarPerm extractEntry lpb_release/include/google/protobuf/map_type_handler.h
565 silly gunzTarPerm extractEntry lpb_release/include/google/protobuf/message.h
566 silly gunzTarPerm extractEntry lpb_release/include/google/protobuf/message_lite.h
567 silly gunzTarPerm extractEntry lpb_release/include/google/protobuf/metadata.h
568 silly gunzTarPerm extractEntry lpb_release/include/google/protobuf/reflection.h
569 silly gunzTarPerm extractEntry lpb_release/include/google/protobuf/reflection_ops.h
570 silly gunzTarPerm extractEntry lpb_release/include/google/protobuf/repeated_field.h
571 http 304 https://registry.npmjs.org/object-sizeof
572 verbose headers { date: 'Sun, 16 Apr 2017 15:44:22 GMT',
572 verbose headers   via: '1.1 varnish',
572 verbose headers   'cache-control': 'max-age=300',
572 verbose headers   etag: 'W/"58e88ded-4fdf"',
572 verbose headers   age: '0',
572 verbose headers   connection: 'keep-alive',
572 verbose headers   'x-served-by': 'cache-jfk8126-JFK',
572 verbose headers   'x-cache': 'HIT',
572 verbose headers   'x-cache-hits': '1',
572 verbose headers   'x-timer': 'S1492357463.721946,VS0,VE66',
572 verbose headers   vary: 'Accept-Encoding' }
573 silly get cb [ 304,
573 silly get   { date: 'Sun, 16 Apr 2017 15:44:22 GMT',
573 silly get     via: '1.1 varnish',
573 silly get     'cache-control': 'max-age=300',
573 silly get     etag: 'W/"58e88ded-4fdf"',
573 silly get     age: '0',
573 silly get     connection: 'keep-alive',
573 silly get     'x-served-by': 'cache-jfk8126-JFK',
573 silly get     'x-cache': 'HIT',
573 silly get     'x-cache-hits': '1',
573 silly get     'x-timer': 'S1492357463.721946,VS0,VE66',
573 silly get     vary: 'Accept-Encoding' } ]
574 verbose etag https://registry.npmjs.org/object-sizeof from cache
575 verbose get saving object-sizeof to /var/root/.npm/registry.npmjs.org/object-sizeof/.cache.json
576 verbose correctMkdir /var/root/.npm correctMkdir not in flight; initializing
577 silly gunzTarPerm extractEntry lpb_release/include/google/protobuf/service.h
578 silly gunzTarPerm extractEntry lpb_release/include/google/protobuf/source_context.pb.h
579 silly gunzTarPerm extractEntry windows/lib/x86/libzmq-v100-mt-4_0_4.lib
580 silly mapToRegistry name object-sizeof
581 silly mapToRegistry using default registry
582 silly mapToRegistry registry https://registry.npmjs.org/
583 silly mapToRegistry uri https://registry.npmjs.org/object-sizeof
584 verbose addRemoteTarball https://registry.npmjs.org/object-sizeof/-/object-sizeof-1.1.1.tgz not in flight; adding
585 verbose addRemoteTarball [ 'https://registry.npmjs.org/object-sizeof/-/object-sizeof-1.1.1.tgz',
585 verbose addRemoteTarball   '3b8ac4e8cb245b1c8eb6f17d5adc90eaf45b4187' ]
586 silly gunzTarPerm extractEntry lpb_release/include/google/protobuf/source_context.proto
587 silly gunzTarPerm extractEntry lpb_release/include/google/protobuf/struct.pb.h
588 info retry fetch attempt 1 at 11:44:22 AM
589 info attempt registry request try #1 at 11:44:22 AM
590 http fetch GET https://registry.npmjs.org/object-sizeof/-/object-sizeof-1.1.1.tgz
591 silly gunzTarPerm extractEntry lpb_release/include/google/protobuf/struct.proto
592 silly gunzTarPerm extractEntry lpb_release/include/google/protobuf/stubs/casts.h
593 http 304 https://registry.npmjs.org/shuffle-array
594 verbose headers { date: 'Sun, 16 Apr 2017 15:44:22 GMT',
594 verbose headers   via: '1.1 varnish',
594 verbose headers   'cache-control': 'max-age=300',
594 verbose headers   etag: 'W/"58a58fb4-345a"',
594 verbose headers   age: '0',
594 verbose headers   connection: 'keep-alive',
594 verbose headers   'x-served-by': 'cache-jfk8129-JFK',
594 verbose headers   'x-cache': 'HIT',
594 verbose headers   'x-cache-hits': '1',
594 verbose headers   'x-timer': 'S1492357463.721885,VS0,VE68',
594 verbose headers   vary: 'Accept-Encoding' }
595 silly get cb [ 304,
595 silly get   { date: 'Sun, 16 Apr 2017 15:44:22 GMT',
595 silly get     via: '1.1 varnish',
595 silly get     'cache-control': 'max-age=300',
595 silly get     etag: 'W/"58a58fb4-345a"',
595 silly get     age: '0',
595 silly get     connection: 'keep-alive',
595 silly get     'x-served-by': 'cache-jfk8129-JFK',
595 silly get     'x-cache': 'HIT',
595 silly get     'x-cache-hits': '1',
595 silly get     'x-timer': 'S1492357463.721885,VS0,VE68',
595 silly get     vary: 'Accept-Encoding' } ]
596 verbose etag https://registry.npmjs.org/shuffle-array from cache
597 verbose get saving shuffle-array to /var/root/.npm/registry.npmjs.org/shuffle-array/.cache.json
598 verbose correctMkdir /var/root/.npm correctMkdir not in flight; initializing
599 silly gunzTarPerm extractEntry lpb_release/include/google/protobuf/stubs/atomic_sequence_num.h
600 silly gunzTarPerm extractEntry lpb_release/include/google/protobuf/stubs/atomicops_internals_arm64_gcc.h
601 silly mapToRegistry name shuffle-array
602 silly mapToRegistry using default registry
603 silly mapToRegistry registry https://registry.npmjs.org/
604 silly mapToRegistry uri https://registry.npmjs.org/shuffle-array
605 verbose addRemoteTarball https://registry.npmjs.org/shuffle-array/-/shuffle-array-1.0.1.tgz not in flight; adding
606 verbose addRemoteTarball [ 'https://registry.npmjs.org/shuffle-array/-/shuffle-array-1.0.1.tgz',
606 verbose addRemoteTarball   'c4ff3cfe74d16f93730592301b25e6577b12898b' ]
607 silly gunzTarPerm extractEntry lpb_release/include/google/protobuf/stubs/atomicops_internals_arm_gcc.h
608 silly gunzTarPerm extractEntry lpb_release/include/google/protobuf/stubs/atomicops_internals_arm_qnx.h
609 info retry fetch attempt 1 at 11:44:22 AM
610 info attempt registry request try #1 at 11:44:22 AM
611 http fetch GET https://registry.npmjs.org/shuffle-array/-/shuffle-array-1.0.1.tgz
612 silly gunzTarPerm extractEntry lpb_release/include/google/protobuf/stubs/atomicops_internals_atomicword_compat.h
613 silly gunzTarPerm extractEntry lpb_release/include/google/protobuf/stubs/atomicops_internals_generic_gcc.h
614 silly gunzTarPerm extractEntry lpb_release/include/google/protobuf/stubs/atomicops_internals_macosx.h
615 silly gunzTarPerm extractEntry lpb_release/include/google/protobuf/stubs/atomicops_internals_mips_gcc.h
616 silly gunzTarPerm extractEntry lpb_release/include/google/protobuf/stubs/atomicops_internals_pnacl.h
617 silly gunzTarPerm extractEntry lpb_release/include/google/protobuf/stubs/atomicops_internals_power.h
618 silly gunzTarPerm extractEntry lpb_release/include/google/protobuf/stubs/atomicops_internals_ppc_gcc.h
619 silly gunzTarPerm extractEntry lpb_release/include/google/protobuf/stubs/atomicops_internals_solaris.h
620 silly gunzTarPerm extractEntry lpb_release/include/google/protobuf/stubs/atomicops_internals_tsan.h
621 silly gunzTarPerm extractEntry lpb_release/include/google/protobuf/stubs/atomicops_internals_x86_gcc.h
622 silly gunzTarPerm extractEntry lpb_release/include/google/protobuf/stubs/atomicops_internals_x86_msvc.h
623 silly gunzTarPerm extractEntry lpb_release/include/google/protobuf/stubs/bytestream.h
624 silly gunzTarPerm extractEntry lpb_release/include/google/protobuf/stubs/callback.h
625 silly gunzTarPerm extractEntry lpb_release/include/google/protobuf/stubs/atomicops.h
626 silly gunzTarPerm extractEntry lpb_release/include/google/protobuf/stubs/common.h
627 silly gentlyRm /Users/johngruska/Documents/splendor/node_modules/.staging/nan-4cf370d7/node_modules is being purged
628 verbose gentlyRm don't care about contents; nuking /Users/johngruska/Documents/splendor/node_modules/.staging/nan-4cf370d7/node_modules
629 silly gunzTarPerm extractEntry lpb_release/include/google/protobuf/stubs/fastmem.h
630 silly gunzTarPerm extractEntry lpb_release/include/google/protobuf/stubs/hash.h
631 silly gunzTarPerm extractEntry lpb_release/include/google/protobuf/stubs/logging.h
632 silly gunzTarPerm extractEntry lpb_release/include/google/protobuf/stubs/macros.h
633 silly gunzTarPerm extractEntry lpb_release/include/google/protobuf/stubs/mutex.h
634 silly gunzTarPerm extractEntry lpb_release/include/google/protobuf/stubs/once.h
635 silly gunzTarPerm extractEntry lpb_release/include/google/protobuf/stubs/platform_macros.h
636 silly gunzTarPerm extractEntry lpb_release/include/google/protobuf/stubs/port.h
637 silly gunzTarPerm extractEntry lpb_release/include/google/protobuf/stubs/scoped_ptr.h
638 silly gunzTarPerm extractEntry lpb_release/include/google/protobuf/stubs/shared_ptr.h
639 silly gunzTarPerm extractEntry lpb_release/include/google/protobuf/stubs/singleton.h
640 silly gunzTarPerm extractEntry lpb_release/include/google/protobuf/stubs/status.h
641 silly gunzTarPerm extractEntry lpb_release/include/google/protobuf/stubs/stl_util.h
642 silly gunzTarPerm extractEntry lpb_release/include/google/protobuf/stubs/stringpiece.h
643 silly gunzTarPerm extractEntry lpb_release/include/google/protobuf/stubs/template_util.h
644 silly gunzTarPerm extractEntry lpb_release/include/google/protobuf/stubs/type_traits.h
645 silly gunzTarPerm extractEntry lpb_release/include/google/protobuf/text_format.h
646 silly gunzTarPerm extractEntry lpb_release/include/google/protobuf/timestamp.pb.h
647 silly gunzTarPerm extractEntry lpb_release/include/google/protobuf/timestamp.proto
648 silly gunzTarPerm extractEntry lpb_release/include/google/protobuf/type.pb.h
649 silly gunzTarPerm extractEntry lpb_release/include/google/protobuf/type.proto
650 silly gunzTarPerm extractEntry lpb_release/include/google/protobuf/unknown_field_set.h
651 silly gunzTarPerm extractEntry lpb_release/include/google/protobuf/util/field_comparator.h
652 silly gunzTarPerm extractEntry lpb_release/include/google/protobuf/util/field_mask_util.h
653 silly gunzTarPerm extractEntry lpb_release/include/google/protobuf/util/json_util.h
654 silly gunzTarPerm extractEntry lpb_release/include/google/protobuf/util/message_differencer.h
655 silly gunzTarPerm extractEntry lpb_release/include/google/protobuf/util/time_util.h
656 silly gunzTarPerm extractEntry lpb_release/include/google/protobuf/util/type_resolver.h
657 silly gunzTarPerm extractEntry lpb_release/include/google/protobuf/util/type_resolver_util.h
658 silly gunzTarPerm extractEntry lpb_release/include/google/protobuf/wire_format.h
659 silly gunzTarPerm extractEntry lpb_release/include/google/protobuf/wire_format_lite.h
660 silly gunzTarPerm extractEntry lpb_release/include/google/protobuf/wire_format_lite_inl.h
661 silly gunzTarPerm extractEntry lpb_release/include/google/protobuf/wrappers.pb.h
662 silly gunzTarPerm extractEntry lpb_release/include/google/protobuf/wrappers.proto
663 silly gunzTarPerm extractEntry lpb_release/lib/libprotobuf.lib
664 silly gentlyRm /Users/johngruska/Documents/splendor/node_modules/.staging/zmq-6ce13538/node_modules is being purged
665 verbose gentlyRm don't care about contents; nuking /Users/johngruska/Documents/splendor/node_modules/.staging/zmq-6ce13538/node_modules
666 http fetch 200 https://registry.npmjs.org/config/-/config-1.25.1.tgz
667 http fetch 200 https://registry.npmjs.org/sleep/-/sleep-5.1.1.tgz
668 http fetch 200 https://registry.npmjs.org/object-sizeof/-/object-sizeof-1.1.1.tgz
669 silly fetchAndShaCheck shasum 878fa1d44d08eeb0f26fb2018ef8629eb1a3ab94
670 silly fetchAndShaCheck shasum 72ac51cde81e2c77c6b3b66d0130dae527a19c92
671 verbose addTmpTarball /tmp/npm-59938-370f31bd/registry.npmjs.org/sleep/-/sleep-5.1.1.tgz not in flight; adding
672 verbose addTmpTarball already have metadata; skipping unpack for sleep@5.1.1
673 verbose correctMkdir /var/root/.npm correctMkdir not in flight; initializing
674 verbose addTmpTarball /tmp/npm-59938-370f31bd/registry.npmjs.org/config/-/config-1.25.1.tgz not in flight; adding
675 verbose addTmpTarball already have metadata; skipping unpack for config@1.25.1
676 verbose correctMkdir /var/root/.npm correctMkdir not in flight; initializing
677 silly fetchAndShaCheck shasum 3b8ac4e8cb245b1c8eb6f17d5adc90eaf45b4187
678 verbose addTmpTarball /tmp/npm-59938-370f31bd/registry.npmjs.org/object-sizeof/-/object-sizeof-1.1.1.tgz not in flight; adding
679 verbose addTmpTarball already have metadata; skipping unpack for object-sizeof@1.1.1
680 verbose correctMkdir /var/root/.npm correctMkdir not in flight; initializing
681 verbose unbuild node_modules/.staging/sleep-2771d585
682 verbose unbuild node_modules/.staging/config-4385c337
683 silly gentlyRm /Users/johngruska/Documents/splendor/node_modules/.staging/sleep-2771d585 is being purged from base /Users/johngruska/Documents/splendor
684 verbose gentlyRm don't care about contents; nuking /Users/johngruska/Documents/splendor/node_modules/.staging/sleep-2771d585
685 silly gentlyRm /Users/johngruska/Documents/splendor/node_modules/.staging/config-4385c337 is being purged from base /Users/johngruska/Documents/splendor
686 verbose gentlyRm don't care about contents; nuking /Users/johngruska/Documents/splendor/node_modules/.staging/config-4385c337
687 verbose tar unpack /var/root/.npm/sleep/5.1.1/package.tgz
688 verbose tar unpacking to /Users/johngruska/Documents/splendor/node_modules/.staging/sleep-2771d585
689 silly gentlyRm /Users/johngruska/Documents/splendor/node_modules/.staging/sleep-2771d585 is being purged
690 verbose gentlyRm don't care about contents; nuking /Users/johngruska/Documents/splendor/node_modules/.staging/sleep-2771d585
691 verbose tar unpack /var/root/.npm/config/1.25.1/package.tgz
692 verbose tar unpacking to /Users/johngruska/Documents/splendor/node_modules/.staging/config-4385c337
693 silly gentlyRm /Users/johngruska/Documents/splendor/node_modules/.staging/config-4385c337 is being purged
694 verbose gentlyRm don't care about contents; nuking /Users/johngruska/Documents/splendor/node_modules/.staging/config-4385c337
695 silly gunzTarPerm modes [ '755', '644' ]
696 verbose unbuild node_modules/.staging/object-sizeof-94f35725
697 silly gunzTarPerm modes [ '755', '644' ]
698 silly gentlyRm /Users/johngruska/Documents/splendor/node_modules/.staging/object-sizeof-94f35725 is being purged from base /Users/johngruska/Documents/splendor
699 verbose gentlyRm don't care about contents; nuking /Users/johngruska/Documents/splendor/node_modules/.staging/object-sizeof-94f35725
700 verbose tar unpack /var/root/.npm/object-sizeof/1.1.1/package.tgz
701 verbose tar unpacking to /Users/johngruska/Documents/splendor/node_modules/.staging/object-sizeof-94f35725
702 silly gentlyRm /Users/johngruska/Documents/splendor/node_modules/.staging/object-sizeof-94f35725 is being purged
703 verbose gentlyRm don't care about contents; nuking /Users/johngruska/Documents/splendor/node_modules/.staging/object-sizeof-94f35725
704 silly gunzTarPerm modes [ '755', '644' ]
705 silly gunzTarPerm extractEntry package.json
706 silly gunzTarPerm modified mode [ 'package.json', 436, 420 ]
707 silly gunzTarPerm extractEntry package.json
708 silly gunzTarPerm extractEntry package.json
709 silly gunzTarPerm extractEntry .npmignore
710 silly gunzTarPerm modified mode [ '.npmignore', 436, 420 ]
711 silly gunzTarPerm extractEntry README.md
712 silly gunzTarPerm modified mode [ 'README.md', 436, 420 ]
713 silly gunzTarPerm extractEntry .npmignore
714 silly gunzTarPerm extractEntry README.md
715 silly gunzTarPerm extractEntry .npmignore
716 silly gunzTarPerm extractEntry README.md
717 http fetch 200 https://registry.npmjs.org/shuffle-array/-/shuffle-array-1.0.1.tgz
718 silly gunzTarPerm extractEntry LICENSE
719 silly gunzTarPerm extractEntry defer.js
720 silly gunzTarPerm extractEntry test.js
721 silly gunzTarPerm modified mode [ 'test.js', 436, 420 ]
722 silly gunzTarPerm extractEntry index.js
723 silly gunzTarPerm modified mode [ 'index.js', 436, 420 ]
724 silly gunzTarPerm extractEntry byte_size.js
725 silly gunzTarPerm extractEntry index.js
726 silly gunzTarPerm extractEntry raw.js
727 silly gunzTarPerm extractEntry .travis.yml
728 silly gunzTarPerm extractEntry lib/config.js
729 silly gunzTarPerm extractEntry History.md
730 silly gunzTarPerm extractEntry tools/contributors.js
731 silly gunzTarPerm extractEntry tools/gen-docs.sh
732 silly gunzTarPerm extractEntry LICENSE.txt
733 silly gunzTarPerm modified mode [ 'LICENSE.txt', 436, 420 ]
734 silly gunzTarPerm extractEntry sleep.cc
735 silly gunzTarPerm modified mode [ 'sleep.cc', 436, 420 ]
736 silly gunzTarPerm extractEntry .travis.yml
737 silly gunzTarPerm extractEntry LICENSE.md
738 silly gunzTarPerm extractEntry binding.gyp
739 silly gunzTarPerm modified mode [ 'binding.gyp', 436, 420 ]
740 silly gunzTarPerm extractEntry test/test.js
741 silly fetchAndShaCheck shasum c4ff3cfe74d16f93730592301b25e6577b12898b
742 verbose addTmpTarball /tmp/npm-59938-370f31bd/registry.npmjs.org/shuffle-array/-/shuffle-array-1.0.1.tgz not in flight; adding
743 verbose addTmpTarball already have metadata; skipping unpack for shuffle-array@1.0.1
744 verbose correctMkdir /var/root/.npm correctMkdir not in flight; initializing
745 verbose unbuild node_modules/.staging/shuffle-array-35e6cbeb
746 silly gentlyRm /Users/johngruska/Documents/splendor/node_modules/.staging/shuffle-array-35e6cbeb is being purged from base /Users/johngruska/Documents/splendor
747 verbose gentlyRm don't care about contents; nuking /Users/johngruska/Documents/splendor/node_modules/.staging/shuffle-array-35e6cbeb
748 verbose tar unpack /var/root/.npm/shuffle-array/1.0.1/package.tgz
749 verbose tar unpacking to /Users/johngruska/Documents/splendor/node_modules/.staging/shuffle-array-35e6cbeb
750 silly gentlyRm /Users/johngruska/Documents/splendor/node_modules/.staging/shuffle-array-35e6cbeb is being purged
751 verbose gentlyRm don't care about contents; nuking /Users/johngruska/Documents/splendor/node_modules/.staging/shuffle-array-35e6cbeb
752 silly gunzTarPerm modes [ '755', '644' ]
753 silly gunzTarPerm extractEntry package.json
754 silly gunzTarPerm extractEntry .npmignore
755 silly gunzTarPerm extractEntry README.md
756 silly gunzTarPerm extractEntry LICENSE
757 silly gunzTarPerm extractEntry index.js
758 silly gentlyRm /Users/johngruska/Documents/splendor/node_modules/.staging/sleep-2771d585/node_modules is being purged
759 verbose gentlyRm don't care about contents; nuking /Users/johngruska/Documents/splendor/node_modules/.staging/sleep-2771d585/node_modules
760 silly gentlyRm /Users/johngruska/Documents/splendor/node_modules/.staging/object-sizeof-94f35725/node_modules is being purged
761 verbose gentlyRm don't care about contents; nuking /Users/johngruska/Documents/splendor/node_modules/.staging/object-sizeof-94f35725/node_modules
762 silly gunzTarPerm extractEntry coverage/coverage.json
763 silly gunzTarPerm extractEntry coverage/lcov-report/prettify.js
764 silly gunzTarPerm extractEntry coverage/lcov-report/sorter.js
765 silly gunzTarPerm extractEntry coverage/lcov-report/base.css
766 silly gunzTarPerm extractEntry coverage/lcov-report/index.html
767 silly gunzTarPerm extractEntry coverage/lcov-report/prettify.css
768 silly gunzTarPerm extractEntry coverage/lcov-report/shuffle-array/Gulpfile.js.html
769 silly gunzTarPerm extractEntry coverage/lcov-report/shuffle-array/index.html
770 silly gunzTarPerm extractEntry coverage/lcov-report/shuffle-array/index.js.html
771 silly gunzTarPerm extractEntry coverage/lcov-report/sort-arrow-sprite.png
772 silly gunzTarPerm extractEntry coverage/lcov.info
773 silly gunzTarPerm extractEntry History.md
774 silly gentlyRm /Users/johngruska/Documents/splendor/node_modules/.staging/config-4385c337/node_modules is being purged
775 verbose gentlyRm don't care about contents; nuking /Users/johngruska/Documents/splendor/node_modules/.staging/config-4385c337/node_modules
776 silly gentlyRm /Users/johngruska/Documents/splendor/node_modules/.staging/shuffle-array-35e6cbeb/node_modules is being purged
777 verbose gentlyRm don't care about contents; nuking /Users/johngruska/Documents/splendor/node_modules/.staging/shuffle-array-35e6cbeb/node_modules
778 silly gunzTarPerm extractEntry src/leak.js
779 silly gunzTarPerm extractEntry src/common.h
780 silly gunzTarPerm extractEntry src/init.cpp
781 silly gunzTarPerm extractEntry src/native.cpp
782 silly gunzTarPerm extractEntry src/native.h
783 silly gunzTarPerm extractEntry src/parse.cpp
784 silly gunzTarPerm extractEntry src/parse.h
785 silly gunzTarPerm extractEntry src/serialize.cpp
786 silly gunzTarPerm extractEntry src/serialize.h
787 silly gunzTarPerm extractEntry .travis.yml
788 silly gunzTarPerm extractEntry run_leak.sh
789 silly gunzTarPerm extractEntry test/test.js
790 silly gunzTarPerm extractEntry test/perf/perfTest.js
791 silly gunzTarPerm extractEntry test/perf/points.js
792 silly gunzTarPerm extractEntry test/perf/perfTest.desc
793 silly gunzTarPerm extractEntry test/perf/perfTest.proto
794 silly gunzTarPerm extractEntry test/perf/points.desc
795 silly gunzTarPerm extractEntry test/perf/points.proto
796 silly gunzTarPerm extractEntry test/test.desc
797 silly gunzTarPerm extractEntry test/test.proto
798 silly gunzTarPerm extractEntry test/testUnknown.desc
799 silly gunzTarPerm extractEntry test/testUnknown.proto
800 silly gentlyRm /Users/johngruska/Documents/splendor/node_modules/.staging/node-protobuf-230ef70c/node_modules is being purged
801 verbose gentlyRm don't care about contents; nuking /Users/johngruska/Documents/splendor/node_modules/.staging/node-protobuf-230ef70c/node_modules
802 silly doParallel preinstall 8
803 silly preinstall nan@2.3.5 /Users/johngruska/Documents/splendor/node_modules/.staging/nan-4cf370d7
804 info lifecycle nan@2.3.5~preinstall: nan@2.3.5
805 silly preinstall zmq@2.15.3 /Users/johngruska/Documents/splendor/node_modules/.staging/zmq-6ce13538
806 info lifecycle zmq@2.15.3~preinstall: zmq@2.15.3
807 silly preinstall config@1.25.1 /Users/johngruska/Documents/splendor/node_modules/.staging/config-4385c337
808 info lifecycle config@1.25.1~preinstall: config@1.25.1
809 silly preinstall node-protobuf@1.4.3 /Users/johngruska/Documents/splendor/node_modules/.staging/node-protobuf-230ef70c
810 info lifecycle node-protobuf@1.4.3~preinstall: node-protobuf@1.4.3
811 silly preinstall object-sizeof@1.1.1 /Users/johngruska/Documents/splendor/node_modules/.staging/object-sizeof-94f35725
812 info lifecycle object-sizeof@1.1.1~preinstall: object-sizeof@1.1.1
813 silly preinstall shuffle-array@1.0.1 /Users/johngruska/Documents/splendor/node_modules/.staging/shuffle-array-35e6cbeb
814 info lifecycle shuffle-array@1.0.1~preinstall: shuffle-array@1.0.1
815 silly preinstall sleep@5.1.1 /Users/johngruska/Documents/splendor/node_modules/.staging/sleep-2771d585
816 info lifecycle sleep@5.1.1~preinstall: sleep@5.1.1
817 silly preinstall zerorpc@0.9.7 /Users/johngruska/Documents/splendor/node_modules/.staging/zerorpc-d61bc012
818 info lifecycle zerorpc@0.9.7~preinstall: zerorpc@0.9.7
819 silly lifecycle nan@2.3.5~preinstall: no script for preinstall, continuing
820 silly lifecycle zmq@2.15.3~preinstall: no script for preinstall, continuing
821 silly lifecycle config@1.25.1~preinstall: no script for preinstall, continuing
822 silly lifecycle node-protobuf@1.4.3~preinstall: no script for preinstall, continuing
823 silly lifecycle object-sizeof@1.1.1~preinstall: no script for preinstall, continuing
824 silly lifecycle shuffle-array@1.0.1~preinstall: no script for preinstall, continuing
825 silly lifecycle sleep@5.1.1~preinstall: no script for preinstall, continuing
826 silly lifecycle zerorpc@0.9.7~preinstall: no script for preinstall, continuing
827 silly doReverseSerial remove 0
828 silly doSerial move 0
829 silly doSerial finalize 8
830 silly finalize /Users/johngruska/Documents/splendor/node_modules/zmq/node_modules/nan
831 silly finalize /Users/johngruska/Documents/splendor/node_modules/zmq
832 verbose unlock done using /var/root/.npm/_locks/staging-b0c28e141504d69f.lock for /Users/johngruska/Documents/splendor/node_modules/.staging
833 silly rollbackFailedOptional Starting
834 silly rollbackFailedOptional Finishing
835 silly runTopLevelLifecycles Starting
836 silly runTopLevelLifecycles Finishing
837 silly install printInstalled
838 warn splendor@ No repository field.
839 verbose stack Error: ENOTEMPTY: directory not empty, rename '/Users/johngruska/Documents/splendor/node_modules/zmq' -> '/Users/johngruska/Documents/splendor/node_modules/.zmq.DELETE'
839 verbose stack     at moveAway (/usr/local/lib/node_modules/npm/lib/install/action/finalize.js:38:5)
839 verbose stack     at destStatted (/usr/local/lib/node_modules/npm/lib/install/action/finalize.js:27:7)
839 verbose stack     at FSReqWrap.oncomplete (fs.js:82:15)
839 verbose stack
839 verbose stack Error: ENOTEMPTY: directory not empty, rename '/Users/johngruska/Documents/splendor/node_modules/zmq' -> '/Users/johngruska/Documents/splendor/node_modules/.zmq.DELETE'
839 verbose stack     at Error (native)
840 verbose cwd /Users/johngruska/Documents/splendor/prototype
841 error Darwin 14.5.0
842 error argv "/usr/local/Cellar/node/5.8.0/bin/node" "/usr/local/bin/npm" "install" "zmq"
843 error node v5.8.0
844 error npm  v3.7.3
845 error path /Users/johngruska/Documents/splendor/node_modules/zmq
846 error code ENOTEMPTY
847 error errno -66
848 error syscall rename
849 error ENOTEMPTY: directory not empty, rename '/Users/johngruska/Documents/splendor/node_modules/zmq' -> '/Users/johngruska/Documents/splendor/node_modules/.zmq.DELETE'
850 error If you need help, you may report this error at:
850 error     <https://github.com/npm/npm/issues>
851 verbose exit [ -66, true ]
